<?xml version="1.0" encoding="UTF-8"?>
<!-- Generated by org.testng.reporters.JUnitXMLReporter -->
<testsuite ignored="0" hostname="Babloo" failures="1" tests="1" name="Test" time="27.676" errors="0" timestamp="26 Dec 2019 18:17:52 GMT">
  <testcase classname="testCases.PriceComparator" name="priceComparatorTestCase" time="16.524">
    <failure type="java.util.regex.PatternSyntaxException" message="Dangling meta character &amp;apos;?&amp;apos; near index 0
?
^">
      <![CDATA[java.util.regex.PatternSyntaxException: Dangling meta character '?' near index 0
?
^
at java.base/java.util.regex.Pattern.error(Pattern.java:2027)
at java.base/java.util.regex.Pattern.sequence(Pattern.java:2202)
at java.base/java.util.regex.Pattern.expr(Pattern.java:2068)
at java.base/java.util.regex.Pattern.compile(Pattern.java:1782)
at java.base/java.util.regex.Pattern.<init>(Pattern.java:1429)
at java.base/java.util.regex.Pattern.compile(Pattern.java:1069)
at java.base/java.lang.String.replaceAll(String.java:2148)
at testCases.PriceComparator.priceComparatorTestCase(PriceComparator.java:39)
... Removed 25 stack frames]]>
    </failure>
  </testcase> <!-- priceComparatorTestCase -->
</testsuite> <!-- Test -->
