<?xml version="1.0" encoding="UTF-8"?>
<testng-results ignored="0" total="1" passed="0" failed="1" skipped="0">
  <reporter-output>
  </reporter-output>
  <suite started-at="2019-12-26T18:17:24Z" name="Suite" finished-at="2019-12-26T18:17:51Z" duration-ms="27676">
    <groups>
    </groups>
    <test started-at="2019-12-26T18:17:24Z" name="Test" finished-at="2019-12-26T18:17:51Z" duration-ms="27676">
      <class name="testCases.PriceComparator">
        <test-method is-config="true" signature="setUp()[pri:0, instance:testCases.PriceComparator@49049a04]" started-at="2019-12-26T18:17:24Z" name="setUp" finished-at="2019-12-26T18:17:30Z" duration-ms="6390" status="PASS">
          <reporter-output>
          </reporter-output>
        </test-method> <!-- setUp -->
        <test-method signature="priceComparatorTestCase()[pri:0, instance:testCases.PriceComparator@49049a04]" started-at="2019-12-26T18:17:30Z" name="priceComparatorTestCase" finished-at="2019-12-26T18:17:47Z" duration-ms="16524" status="FAIL">
          <exception class="java.util.regex.PatternSyntaxException">
            <message>
              <![CDATA[Dangling meta character '?' near index 0
?
^]]>
            </message>
            <full-stacktrace>
              <![CDATA[java.util.regex.PatternSyntaxException: Dangling meta character '?' near index 0
?
^
at java.base/java.util.regex.Pattern.error(Pattern.java:2027)
at java.base/java.util.regex.Pattern.sequence(Pattern.java:2202)
at java.base/java.util.regex.Pattern.expr(Pattern.java:2068)
at java.base/java.util.regex.Pattern.compile(Pattern.java:1782)
at java.base/java.util.regex.Pattern.<init>(Pattern.java:1429)
at java.base/java.util.regex.Pattern.compile(Pattern.java:1069)
at java.base/java.lang.String.replaceAll(String.java:2148)
at testCases.PriceComparator.priceComparatorTestCase(PriceComparator.java:39)
at java.base/jdk.internal.reflect.NativeMethodAccessorImpl.invoke0(Native Method)
at java.base/jdk.internal.reflect.NativeMethodAccessorImpl.invoke(NativeMethodAccessorImpl.java:62)
at java.base/jdk.internal.reflect.DelegatingMethodAccessorImpl.invoke(DelegatingMethodAccessorImpl.java:43)
at java.base/java.lang.reflect.Method.invoke(Method.java:567)
at org.testng.internal.MethodInvocationHelper.invokeMethod(MethodInvocationHelper.java:124)
at org.testng.internal.Invoker.invokeMethod(Invoker.java:583)
at org.testng.internal.Invoker.invokeTestMethod(Invoker.java:719)
at org.testng.internal.Invoker.invokeTestMethods(Invoker.java:989)
at org.testng.internal.TestMethodWorker.invokeTestMethods(TestMethodWorker.java:125)
at org.testng.internal.TestMethodWorker.run(TestMethodWorker.java:109)
at org.testng.TestRunner.privateRun(TestRunner.java:648)
at org.testng.TestRunner.run(TestRunner.java:505)
at org.testng.SuiteRunner.runTest(SuiteRunner.java:455)
at org.testng.SuiteRunner.runSequentially(SuiteRunner.java:450)
at org.testng.SuiteRunner.privateRun(SuiteRunner.java:415)
at org.testng.SuiteRunner.run(SuiteRunner.java:364)
at org.testng.SuiteRunnerWorker.runSuite(SuiteRunnerWorker.java:52)
at org.testng.SuiteRunnerWorker.run(SuiteRunnerWorker.java:84)
at org.testng.TestNG.runSuitesSequentially(TestNG.java:1208)
at org.testng.TestNG.runSuitesLocally(TestNG.java:1137)
at org.testng.TestNG.runSuites(TestNG.java:1049)
at org.testng.TestNG.run(TestNG.java:1017)
at org.testng.remote.AbstractRemoteTestNG.run(AbstractRemoteTestNG.java:115)
at org.testng.remote.RemoteTestNG.initAndRun(RemoteTestNG.java:251)
at org.testng.remote.RemoteTestNG.main(RemoteTestNG.java:77)
]]>
            </full-stacktrace>
          </exception> <!-- java.util.regex.PatternSyntaxException -->
          <reporter-output>
          </reporter-output>
        </test-method> <!-- priceComparatorTestCase -->
        <test-method is-config="true" signature="tearDown()[pri:0, instance:testCases.PriceComparator@49049a04]" started-at="2019-12-26T18:17:47Z" name="tearDown" finished-at="2019-12-26T18:17:51Z" duration-ms="4122" status="PASS">
          <reporter-output>
          </reporter-output>
        </test-method> <!-- tearDown -->
      </class> <!-- testCases.PriceComparator -->
    </test> <!-- Test -->
  </suite> <!-- Suite -->
</testng-results>
