<?xml version="1.0" encoding="UTF-8"?>
<testng-results ignored="0" total="1" passed="1" failed="0" skipped="0">
  <reporter-output>
  </reporter-output>
  <suite started-at="2019-12-26T18:41:16Z" name="Suite" finished-at="2019-12-26T18:42:25Z" duration-ms="69276">
    <groups>
    </groups>
    <test started-at="2019-12-26T18:41:16Z" name="Test" finished-at="2019-12-26T18:42:25Z" duration-ms="69276">
      <class name="testCases.PriceComparator">
        <test-method is-config="true" signature="setUp()[pri:0, instance:testCases.PriceComparator@71a8adcf]" started-at="2019-12-26T18:41:16Z" name="setUp" finished-at="2019-12-26T18:41:32Z" duration-ms="15932" status="PASS">
          <reporter-output>
          </reporter-output>
        </test-method> <!-- setUp -->
        <test-method signature="priceComparatorTestCase()[pri:0, instance:testCases.PriceComparator@71a8adcf]" started-at="2019-12-26T18:41:33Z" name="priceComparatorTestCase" finished-at="2019-12-26T18:42:23Z" duration-ms="50383" status="PASS">
          <reporter-output>
          </reporter-output>
        </test-method> <!-- priceComparatorTestCase -->
        <test-method is-config="true" signature="tearDown()[pri:0, instance:testCases.PriceComparator@71a8adcf]" started-at="2019-12-26T18:42:24Z" name="tearDown" finished-at="2019-12-26T18:42:25Z" duration-ms="1636" status="PASS">
          <reporter-output>
          </reporter-output>
        </test-method> <!-- tearDown -->
      </class> <!-- testCases.PriceComparator -->
    </test> <!-- Test -->
  </suite> <!-- Suite -->
</testng-results>
